{
  "RSpec": {
    "coverage": {
      "/binofparts/app/helpers/about_helper.rb": [
        1,
        null
      ],
      "/binofparts/app/helpers/application_helper.rb": [
        1,
        null
      ],
      "/binofparts/app/helpers/devise/sessions_helper.rb": [
        1,
        null
      ],
      "/binofparts/app/helpers/events_helper.rb": [
        1,
        null
      ],
      "/binofparts/app/helpers/home_helper.rb": [
        1,
        null
      ],
      "/binofparts/app/helpers/kop_helper.rb": [
        1,
        null
      ],
      "/binofparts/app/helpers/kop/kop2009_helper.rb": [
        1,
        null
      ],
      "/binofparts/app/helpers/kop/kop2010_helper.rb": [
        1,
        null
      ],
      "/binofparts/app/helpers/kop/kop2011_helper.rb": [
        1,
        null
      ],
      "/binofparts/app/helpers/kop/kop2012_helper.rb": [
        1,
        null
      ],
      "/binofparts/app/helpers/kop/kop2013_helper.rb": [
        1,
        null
      ],
      "/binofparts/app/helpers/myteam_helper.rb": [
        1,
        null
      ],
      "/binofparts/app/helpers/requests_helper.rb": [
        1,
        null
      ],
      "/binofparts/app/helpers/teams_helper.rb": [
        1,
        null
      ],
      "/binofparts/app/helpers/users/invitations_helper.rb": [
        1,
        null
      ],
      "/binofparts/spec/support/api_helpers.rb": [
        1,
        1,
        4,
        null,
        null
      ],
      "/binofparts/spec/support/database_cleaner.rb": [
        1,
        1,
        1,
        null,
        null,
        1,
        6,
        null,
        null,
        1,
        0,
        null,
        null,
        1,
        6,
        null,
        null,
        1,
        6,
        null,
        null
      ],
      "/binofparts/spec/controllers/about_controller_spec.rb": [
        1,
        null,
        1,
        1,
        1,
        1,
        1,
        1,
        null,
        null,
        1,
        1,
        1,
        null,
        null,
        null
      ],
      "/binofparts/app/controllers/about_controller.rb": [
        1,
        null
      ],
      "/binofparts/app/controllers/application_controller.rb": [
        1,
        null,
        null,
        1,
        null,
        1,
        null,
        1,
        0,
        0,
        null,
        null,
        1,
        0,
        null,
        null,
        1,
        null,
        null,
        null,
        1,
        null,
        1,
        null,
        1,
        null,
        0,
        0,
        0,
        0,
        null,
        null,
        null
      ],
      "/binofparts/spec/models/part_spec.rb": [
        1,
        null,
        1,
        null,
        null
      ],
      "/binofparts/app/models/part.rb": [
        1,
        1,
        null,
        null,
        null,
        null,
        null
      ],
      "/binofparts/spec/requests/api/v1/events_spec.rb": [
        1,
        null,
        1,
        null,
        null
      ],
      "/binofparts/app/controllers/api/v1/events_controller.rb": [
        1,
        1,
        null,
        1,
        null,
        null,
        1,
        0,
        null,
        null,
        null,
        1,
        0,
        null,
        null,
        1,
        1,
        0,
        null,
        null,
        null
      ],
      "/binofparts/app/controllers/api/v1/base_controller.rb": [
        1,
        null,
        null,
        1,
        null,
        null,
        null
      ],
      "/binofparts/spec/requests/api/v1/parts_spec.rb": [
        1,
        null,
        1,
        1,
        2,
        2,
        null,
        1,
        1,
        1,
        1,
        1,
        null,
        null,
        1,
        1,
        1,
        null,
        null,
        null,
        1,
        1,
        1,
        1,
        1,
        1,
        1,
        null,
        null,
        1,
        1,
        1,
        null,
        null,
        null,
        null
      ],
      "/binofparts/spec/requests/api/v1/requests_spec.rb": [
        1,
        null,
        1,
        null,
        null
      ],
      "/binofparts/app/controllers/api/v1/requests_controller.rb": [
        1,
        1,
        null,
        1,
        1,
        null,
        null,
        1,
        0,
        null,
        null,
        null,
        null,
        1,
        0,
        0,
        null,
        null,
        null,
        null,
        null,
        1,
        0,
        null,
        null,
        null,
        null,
        null,
        1,
        0,
        0,
        null,
        null,
        null,
        1,
        0,
        0,
        0,
        null,
        null,
        0,
        0,
        0,
        0,
        0,
        null,
        null,
        null,
        null,
        1,
        0,
        0,
        0,
        0,
        null,
        0,
        0,
        null,
        null,
        null,
        null,
        null,
        1,
        0,
        0,
        0,
        0,
        null,
        null,
        null,
        null,
        null,
        null,
        1,
        1,
        0,
        0,
        0,
        null,
        null,
        null,
        null,
        1,
        0,
        0,
        0,
        null,
        null,
        null,
        null,
        1,
        0,
        null,
        null,
        null
      ],
      "/binofparts/app/controllers/api/v1/application_controller.rb": [
        1,
        null,
        null,
        1,
        null,
        1,
        null,
        1,
        null,
        null,
        1,
        null,
        1,
        null,
        1,
        null,
        0,
        0,
        null,
        null,
        1,
        null,
        1,
        0,
        0,
        null,
        null,
        null,
        null,
        0,
        0,
        null,
        null,
        null
      ],
      "/binofparts/spec/requests/api/v1/teams_spec.rb": [
        1,
        null,
        1,
        null,
        null
      ],
      "/binofparts/app/controllers/api/v1/teams_controller.rb": [
        1,
        1,
        null,
        1,
        null,
        null,
        1,
        0,
        null,
        null,
        null,
        1,
        0,
        null,
        null,
        1,
        1,
        0,
        null,
        null,
        null
      ],
      "/binofparts/app/controllers/api/v1/parts_controller.rb": [
        1,
        1,
        null,
        1,
        null,
        1,
        1,
        null,
        null,
        1,
        1,
        null,
        null,
        1,
        1,
        null,
        null,
        1,
        1,
        2,
        null,
        null,
        1,
        2,
        2,
        null,
        null,
        1,
        1,
        null,
        null
      ]
    },
    "timestamp": 1427960203
  }
}
